2019-08-12 19:01:20.352 INFO  net.cn.ssd.ApplicationTests Line:50  - Starting ApplicationTests on sxgdhz with PID 20852 (started by Administrator in D:\workspace\idea\svn\spring-boot)
2019-08-12 19:01:20.357 INFO  net.cn.ssd.ApplicationTests Line:652 - No active profile set, falling back to default profiles: default
2019-08-12 19:01:20.503 INFO  org.springframework.web.context.support.GenericWebApplicationContext Line:589 - Refreshing org.springframework.web.context.support.GenericWebApplicationContext@19b89d4: startup date [Mon Aug 12 19:01:20 CST 2019]; root of context hierarchy
2019-08-12 19:01:20.697 INFO  org.springframework.context.annotation.ConfigurationClassParser Line:452 - Properties location [classpath:jdbc.properties] not resolvable: class path resource [jdbc.properties] cannot be opened because it does not exist
2019-08-12 19:01:22.549 INFO  org.springframework.context.support.PostProcessorRegistrationDelegate$BeanPostProcessorChecker Line:328 - Bean 'org.springframework.transaction.annotation.ProxyTransactionManagementConfiguration' of type [org.springframework.transaction.annotation.ProxyTransactionManagementConfiguration$$EnhancerBySpringCGLIB$$557451be] is not eligible for getting processed by all BeanPostProcessors (for example: not eligible for auto-proxying)
2019-08-12 19:01:23.132 INFO  com.zaxxer.hikari.HikariDataSource Line:110 - HikariPool-1 - Starting...
2019-08-12 19:01:23.961 INFO  com.zaxxer.hikari.pool.PoolBase Line:516 - HikariPool-1 - Driver does not support get/set network timeout for connections. (com.microsoft.sqlserver.jdbc.SQLServerConnection.getNetworkTimeout()I)
2019-08-12 19:01:24.032 INFO  com.zaxxer.hikari.HikariDataSource Line:123 - HikariPool-1 - Start completed.
2019-08-12 19:01:24.102 INFO  org.springframework.orm.jpa.LocalContainerEntityManagerFactoryBean Line:361 - Building JPA container EntityManagerFactory for persistence unit 'default'
2019-08-12 19:01:24.128 INFO  org.hibernate.jpa.internal.util.LogHelper Line:31  - HHH000204: Processing PersistenceUnitInfo [
	name: default
	...]
2019-08-12 19:01:24.300 INFO  org.hibernate.Version Line:45  - HHH000412: Hibernate Core {5.2.14.Final}
2019-08-12 19:01:24.302 INFO  org.hibernate.cfg.Environment Line:213 - HHH000206: hibernate.properties not found
2019-08-12 19:01:24.373 INFO  org.hibernate.annotations.common.Version Line:66  - HCANN000001: Hibernate Commons Annotations {5.0.1.Final}
2019-08-12 19:01:24.620 INFO  org.hibernate.dialect.Dialect Line:157 - HHH000400: Using dialect: org.hibernate.dialect.MySQL5Dialect
2019-08-12 19:01:25.194 INFO  org.springframework.orm.jpa.LocalContainerEntityManagerFactoryBean Line:394 - Initialized JPA EntityManagerFactory for persistence unit 'default'
2019-08-12 19:01:26.779 INFO  org.springframework.web.servlet.mvc.method.annotation.RequestMappingHandlerAdapter Line:567 - Looking for @ControllerAdvice: org.springframework.web.context.support.GenericWebApplicationContext@19b89d4: startup date [Mon Aug 12 19:01:20 CST 2019]; root of context hierarchy
2019-08-12 19:01:26.956 INFO  org.springframework.web.servlet.mvc.method.annotation.RequestMappingHandlerMapping Line:548 - Mapped "{[/FreeMarkerController]}" onto public java.lang.String net.cn.ssd.freemarker.FreeMarkerController.index(java.util.Map<java.lang.String, java.lang.Object>)
2019-08-12 19:01:26.961 INFO  org.springframework.web.servlet.mvc.method.annotation.RequestMappingHandlerMapping Line:548 - Mapped "{[/index]}" onto public java.lang.String net.cn.ssd.UserController.index()
2019-08-12 19:01:26.963 INFO  org.springframework.web.servlet.mvc.method.annotation.RequestMappingHandlerMapping Line:548 - Mapped "{[/findByPage],methods=[GET]}" onto public net.cn.ssd.framework.common.pojo.EasyUiDataGridResult net.cn.ssd.UserController.findByPage()
2019-08-12 19:01:26.968 INFO  org.springframework.web.servlet.mvc.method.annotation.RequestMappingHandlerMapping Line:548 - Mapped "{[/error]}" onto public org.springframework.http.ResponseEntity<java.util.Map<java.lang.String, java.lang.Object>> org.springframework.boot.autoconfigure.web.servlet.error.BasicErrorController.error(javax.servlet.http.HttpServletRequest)
2019-08-12 19:01:26.970 INFO  org.springframework.web.servlet.mvc.method.annotation.RequestMappingHandlerMapping Line:548 - Mapped "{[/error],produces=[text/html]}" onto public org.springframework.web.servlet.ModelAndView org.springframework.boot.autoconfigure.web.servlet.error.BasicErrorController.errorHtml(javax.servlet.http.HttpServletRequest,javax.servlet.http.HttpServletResponse)
2019-08-12 19:01:27.071 INFO  org.springframework.web.servlet.handler.SimpleUrlHandlerMapping Line:373 - Mapped URL path [/webjars/**] onto handler of type [class org.springframework.web.servlet.resource.ResourceHttpRequestHandler]
2019-08-12 19:01:27.074 INFO  org.springframework.web.servlet.handler.SimpleUrlHandlerMapping Line:373 - Mapped URL path [/**] onto handler of type [class org.springframework.web.servlet.resource.ResourceHttpRequestHandler]
2019-08-12 19:01:27.111 INFO  org.springframework.web.servlet.mvc.method.annotation.ExceptionHandlerExceptionResolver Line:289 - Detected @ExceptionHandler methods in globalExceptionHandler
2019-08-12 19:01:27.155 INFO  org.springframework.web.servlet.handler.SimpleUrlHandlerMapping Line:373 - Mapped URL path [/**/favicon.ico] onto handler of type [class org.springframework.web.servlet.resource.ResourceHttpRequestHandler]
2019-08-12 19:01:27.219 INFO  org.springframework.boot.autoconfigure.web.servlet.WelcomePageHandlerMapping Line:61  - Adding welcome page template: index
2019-08-12 19:01:27.553 INFO  org.springframework.web.servlet.view.freemarker.FreeMarkerConfigurer Line:131 - ClassTemplateLoader for Spring macros added to FreeMarker configuration
2019-08-12 19:01:27.785 INFO  org.quartz.impl.StdSchedulerFactory Line:1208 - Using default implementation for ThreadExecutor
2019-08-12 19:01:27.818 INFO  org.quartz.core.SchedulerSignalerImpl Line:61  - Initialized Scheduler Signaller of type: class org.quartz.core.SchedulerSignalerImpl
2019-08-12 19:01:27.818 INFO  org.quartz.core.QuartzScheduler Line:229 - Quartz Scheduler v.2.3.0 created.
2019-08-12 19:01:27.820 INFO  org.quartz.simpl.RAMJobStore Line:155 - RAMJobStore initialized.
2019-08-12 19:01:27.823 INFO  org.quartz.core.QuartzScheduler Line:294 - Scheduler meta-data: Quartz Scheduler (v2.3.0) 'quartzScheduler' with instanceId 'NON_CLUSTERED'
  Scheduler class: 'org.quartz.core.QuartzScheduler' - running locally.
  NOT STARTED.
  Currently in standby mode.
  Number of jobs executed: 0
  Using thread pool 'org.quartz.simpl.SimpleThreadPool' - with 10 threads.
  Using job-store 'org.quartz.simpl.RAMJobStore' - which does not support persistence. and is not clustered.

2019-08-12 19:01:27.824 INFO  org.quartz.impl.StdSchedulerFactory Line:1362 - Quartz scheduler 'quartzScheduler' initialized from an externally provided properties instance.
2019-08-12 19:01:27.824 INFO  org.quartz.impl.StdSchedulerFactory Line:1366 - Quartz scheduler version: 2.3.0
2019-08-12 19:01:27.825 INFO  org.quartz.core.QuartzScheduler Line:2287 - JobFactory set to: org.springframework.boot.autoconfigure.quartz.AutowireCapableBeanJobFactory@fddd7ae
2019-08-12 19:01:27.977 INFO  org.springframework.context.support.DefaultLifecycleProcessor Line:351 - Starting beans in phase 2147483647
2019-08-12 19:01:27.978 INFO  org.springframework.scheduling.quartz.SchedulerFactoryBean Line:686 - Starting Quartz Scheduler now
2019-08-12 19:01:27.979 INFO  org.quartz.core.QuartzScheduler Line:547 - Scheduler quartzScheduler_$_NON_CLUSTERED started.
2019-08-12 19:01:27.995 INFO  net.cn.ssd.ApplicationTests Line:59  - Started ApplicationTests in 8.443 seconds (JVM running for 9.702)
2019-08-12 19:01:28.269 INFO  org.springframework.web.context.support.GenericWebApplicationContext Line:989 - Closing org.springframework.web.context.support.GenericWebApplicationContext@19b89d4: startup date [Mon Aug 12 19:01:20 CST 2019]; root of context hierarchy
2019-08-12 19:01:28.272 INFO  org.springframework.context.support.DefaultLifecycleProcessor Line:366 - Stopping beans in phase 2147483647
2019-08-12 19:01:28.274 INFO  org.quartz.core.QuartzScheduler Line:585 - Scheduler quartzScheduler_$_NON_CLUSTERED paused.
2019-08-12 19:01:28.275 INFO  org.springframework.scheduling.quartz.SchedulerFactoryBean Line:810 - Shutting down Quartz Scheduler
2019-08-12 19:01:28.276 INFO  org.quartz.core.QuartzScheduler Line:666 - Scheduler quartzScheduler_$_NON_CLUSTERED shutting down.
2019-08-12 19:01:28.277 INFO  org.quartz.core.QuartzScheduler Line:585 - Scheduler quartzScheduler_$_NON_CLUSTERED paused.
2019-08-12 19:01:28.279 INFO  org.quartz.core.QuartzScheduler Line:740 - Scheduler quartzScheduler_$_NON_CLUSTERED shutdown complete.
2019-08-12 19:01:28.281 INFO  org.springframework.orm.jpa.LocalContainerEntityManagerFactoryBean Line:572 - Closing JPA EntityManagerFactory for persistence unit 'default'
2019-08-12 19:01:28.285 INFO  com.zaxxer.hikari.HikariDataSource Line:381 - HikariPool-1 - Shutdown initiated...
2019-08-12 19:01:28.289 INFO  com.zaxxer.hikari.HikariDataSource Line:383 - HikariPool-1 - Shutdown completed.
2019-08-12 19:07:11.940 INFO  net.cn.ssd.ApplicationTests Line:50  - Starting ApplicationTests on sxgdhz with PID 40772 (started by Administrator in D:\workspace\idea\svn\spring-boot)
2019-08-12 19:07:11.943 INFO  net.cn.ssd.ApplicationTests Line:652 - No active profile set, falling back to default profiles: default
2019-08-12 19:07:12.014 INFO  org.springframework.web.context.support.GenericWebApplicationContext Line:589 - Refreshing org.springframework.web.context.support.GenericWebApplicationContext@43015c69: startup date [Mon Aug 12 19:07:12 CST 2019]; root of context hierarchy
2019-08-12 19:07:12.241 INFO  org.springframework.context.annotation.ConfigurationClassParser Line:452 - Properties location [classpath:jdbc.properties] not resolvable: class path resource [jdbc.properties] cannot be opened because it does not exist
2019-08-12 19:07:14.405 INFO  org.springframework.context.support.PostProcessorRegistrationDelegate$BeanPostProcessorChecker Line:328 - Bean 'org.springframework.transaction.annotation.ProxyTransactionManagementConfiguration' of type [org.springframework.transaction.annotation.ProxyTransactionManagementConfiguration$$EnhancerBySpringCGLIB$$4e615e1e] is not eligible for getting processed by all BeanPostProcessors (for example: not eligible for auto-proxying)
2019-08-12 19:07:14.977 INFO  com.zaxxer.hikari.HikariDataSource Line:110 - HikariPool-1 - Starting...
2019-08-12 19:07:15.924 INFO  com.zaxxer.hikari.pool.PoolBase Line:516 - HikariPool-1 - Driver does not support get/set network timeout for connections. (com.microsoft.sqlserver.jdbc.SQLServerConnection.getNetworkTimeout()I)
2019-08-12 19:07:15.979 INFO  com.zaxxer.hikari.HikariDataSource Line:123 - HikariPool-1 - Start completed.
2019-08-12 19:07:16.031 INFO  org.springframework.orm.jpa.LocalContainerEntityManagerFactoryBean Line:361 - Building JPA container EntityManagerFactory for persistence unit 'default'
2019-08-12 19:07:16.052 INFO  org.hibernate.jpa.internal.util.LogHelper Line:31  - HHH000204: Processing PersistenceUnitInfo [
	name: default
	...]
2019-08-12 19:07:16.197 INFO  org.hibernate.Version Line:45  - HHH000412: Hibernate Core {5.2.14.Final}
2019-08-12 19:07:16.199 INFO  org.hibernate.cfg.Environment Line:213 - HHH000206: hibernate.properties not found
2019-08-12 19:07:16.263 INFO  org.hibernate.annotations.common.Version Line:66  - HCANN000001: Hibernate Commons Annotations {5.0.1.Final}
2019-08-12 19:07:16.400 INFO  org.hibernate.dialect.Dialect Line:157 - HHH000400: Using dialect: org.hibernate.dialect.MySQL5Dialect
2019-08-12 19:07:17.083 INFO  org.springframework.orm.jpa.LocalContainerEntityManagerFactoryBean Line:394 - Initialized JPA EntityManagerFactory for persistence unit 'default'
2019-08-12 19:07:18.973 INFO  org.springframework.web.servlet.mvc.method.annotation.RequestMappingHandlerAdapter Line:567 - Looking for @ControllerAdvice: org.springframework.web.context.support.GenericWebApplicationContext@43015c69: startup date [Mon Aug 12 19:07:12 CST 2019]; root of context hierarchy
2019-08-12 19:07:19.127 INFO  org.springframework.web.servlet.mvc.method.annotation.RequestMappingHandlerMapping Line:548 - Mapped "{[/FreeMarkerController]}" onto public java.lang.String net.cn.ssd.freemarker.FreeMarkerController.index(java.util.Map<java.lang.String, java.lang.Object>)
2019-08-12 19:07:19.132 INFO  org.springframework.web.servlet.mvc.method.annotation.RequestMappingHandlerMapping Line:548 - Mapped "{[/index]}" onto public java.lang.String net.cn.ssd.UserController.index()
2019-08-12 19:07:19.133 INFO  org.springframework.web.servlet.mvc.method.annotation.RequestMappingHandlerMapping Line:548 - Mapped "{[/findByPage],methods=[GET]}" onto public net.cn.ssd.framework.common.pojo.EasyUiDataGridResult net.cn.ssd.UserController.findByPage()
2019-08-12 19:07:19.139 INFO  org.springframework.web.servlet.mvc.method.annotation.RequestMappingHandlerMapping Line:548 - Mapped "{[/error]}" onto public org.springframework.http.ResponseEntity<java.util.Map<java.lang.String, java.lang.Object>> org.springframework.boot.autoconfigure.web.servlet.error.BasicErrorController.error(javax.servlet.http.HttpServletRequest)
2019-08-12 19:07:19.141 INFO  org.springframework.web.servlet.mvc.method.annotation.RequestMappingHandlerMapping Line:548 - Mapped "{[/error],produces=[text/html]}" onto public org.springframework.web.servlet.ModelAndView org.springframework.boot.autoconfigure.web.servlet.error.BasicErrorController.errorHtml(javax.servlet.http.HttpServletRequest,javax.servlet.http.HttpServletResponse)
2019-08-12 19:07:19.221 INFO  org.springframework.web.servlet.handler.SimpleUrlHandlerMapping Line:373 - Mapped URL path [/webjars/**] onto handler of type [class org.springframework.web.servlet.resource.ResourceHttpRequestHandler]
2019-08-12 19:07:19.225 INFO  org.springframework.web.servlet.handler.SimpleUrlHandlerMapping Line:373 - Mapped URL path [/**] onto handler of type [class org.springframework.web.servlet.resource.ResourceHttpRequestHandler]
2019-08-12 19:07:19.352 INFO  org.springframework.web.servlet.mvc.method.annotation.ExceptionHandlerExceptionResolver Line:289 - Detected @ExceptionHandler methods in globalExceptionHandler
2019-08-12 19:07:19.504 INFO  org.springframework.web.servlet.handler.SimpleUrlHandlerMapping Line:373 - Mapped URL path [/**/favicon.ico] onto handler of type [class org.springframework.web.servlet.resource.ResourceHttpRequestHandler]
2019-08-12 19:07:19.648 INFO  org.springframework.boot.autoconfigure.web.servlet.WelcomePageHandlerMapping Line:61  - Adding welcome page template: index
2019-08-12 19:07:20.106 INFO  org.springframework.web.servlet.view.freemarker.FreeMarkerConfigurer Line:131 - ClassTemplateLoader for Spring macros added to FreeMarker configuration
2019-08-12 19:07:20.260 INFO  org.quartz.impl.StdSchedulerFactory Line:1208 - Using default implementation for ThreadExecutor
2019-08-12 19:07:20.280 INFO  org.quartz.core.SchedulerSignalerImpl Line:61  - Initialized Scheduler Signaller of type: class org.quartz.core.SchedulerSignalerImpl
2019-08-12 19:07:20.280 INFO  org.quartz.core.QuartzScheduler Line:229 - Quartz Scheduler v.2.3.0 created.
2019-08-12 19:07:20.282 INFO  org.quartz.simpl.RAMJobStore Line:155 - RAMJobStore initialized.
2019-08-12 19:07:20.285 INFO  org.quartz.core.QuartzScheduler Line:294 - Scheduler meta-data: Quartz Scheduler (v2.3.0) 'quartzScheduler' with instanceId 'NON_CLUSTERED'
  Scheduler class: 'org.quartz.core.QuartzScheduler' - running locally.
  NOT STARTED.
  Currently in standby mode.
  Number of jobs executed: 0
  Using thread pool 'org.quartz.simpl.SimpleThreadPool' - with 10 threads.
  Using job-store 'org.quartz.simpl.RAMJobStore' - which does not support persistence. and is not clustered.

2019-08-12 19:07:20.286 INFO  org.quartz.impl.StdSchedulerFactory Line:1362 - Quartz scheduler 'quartzScheduler' initialized from an externally provided properties instance.
2019-08-12 19:07:20.287 INFO  org.quartz.impl.StdSchedulerFactory Line:1366 - Quartz scheduler version: 2.3.0
2019-08-12 19:07:20.288 INFO  org.quartz.core.QuartzScheduler Line:2287 - JobFactory set to: org.springframework.boot.autoconfigure.quartz.AutowireCapableBeanJobFactory@5e905f2c
2019-08-12 19:07:20.701 INFO  org.springframework.context.support.DefaultLifecycleProcessor Line:351 - Starting beans in phase 2147483647
2019-08-12 19:07:20.704 INFO  org.springframework.scheduling.quartz.SchedulerFactoryBean Line:686 - Starting Quartz Scheduler now
2019-08-12 19:07:20.714 INFO  org.quartz.core.QuartzScheduler Line:547 - Scheduler quartzScheduler_$_NON_CLUSTERED started.
2019-08-12 19:07:20.749 INFO  net.cn.ssd.ApplicationTests Line:59  - Started ApplicationTests in 9.562 seconds (JVM running for 11.13)
2019-08-12 19:07:21.088 INFO  org.springframework.web.context.support.GenericWebApplicationContext Line:989 - Closing org.springframework.web.context.support.GenericWebApplicationContext@43015c69: startup date [Mon Aug 12 19:07:12 CST 2019]; root of context hierarchy
2019-08-12 19:07:21.095 INFO  org.springframework.context.support.DefaultLifecycleProcessor Line:366 - Stopping beans in phase 2147483647
2019-08-12 19:07:21.097 INFO  org.quartz.core.QuartzScheduler Line:585 - Scheduler quartzScheduler_$_NON_CLUSTERED paused.
2019-08-12 19:07:21.099 INFO  org.springframework.scheduling.quartz.SchedulerFactoryBean Line:810 - Shutting down Quartz Scheduler
2019-08-12 19:07:21.100 INFO  org.quartz.core.QuartzScheduler Line:666 - Scheduler quartzScheduler_$_NON_CLUSTERED shutting down.
2019-08-12 19:07:21.100 INFO  org.quartz.core.QuartzScheduler Line:585 - Scheduler quartzScheduler_$_NON_CLUSTERED paused.
2019-08-12 19:07:21.101 INFO  org.quartz.core.QuartzScheduler Line:740 - Scheduler quartzScheduler_$_NON_CLUSTERED shutdown complete.
2019-08-12 19:07:21.104 INFO  org.springframework.orm.jpa.LocalContainerEntityManagerFactoryBean Line:572 - Closing JPA EntityManagerFactory for persistence unit 'default'
2019-08-12 19:07:21.111 INFO  com.zaxxer.hikari.HikariDataSource Line:381 - HikariPool-1 - Shutdown initiated...
2019-08-12 19:07:21.115 INFO  com.zaxxer.hikari.HikariDataSource Line:383 - HikariPool-1 - Shutdown completed.
